328
1 7457 1786
3 7332
4 5064 9470 8462 4365 6572
7 6534 3895
8 8134
9 2095
10 4765 6846
12 2962 2327
13 1979 5326 6049 6214
15 1668 2240 3827 6262 9953
16 6833
18 9545 5445 1079 208
19 6226
21 5386
23 8812
24 5188
27 8431 3173 6661
28 7438 9244 3718
29 6202
30 2589 5889
32 2240 3877 1534 2407 447
34 935
35 2962 569 1299 3232
37 5219 9822 1039
39 6030 9720 4193
40 2892
42 6054 6067
43 9545 1157
45 8125 569 6608 6075
47 9139
48 9968 7652 6534 979
49 7413 7413 8193 5053 8427
50 4107 6724
51 3882
52 935
53 7684 1865
54 4619
55 9704
56 8386 4199 3588 4873
57 3074 9007 9254
58 935
59 3885
60 7500 8971
61 6692 7997 1752 5097 2643 3690
62 427 4901 8134 6267
63 1668 4962
64 8498
65 9917
68 7949
69 7699
71 360
76 3783 3043 8265 3697
78 7652 8343 3360
79 3074 4923 5314
80 8491
81 3163
83 5748 367
84 2962 5715 2423 4401
86 3074
87 4199 739
88 3203
92 321 8130 3728
94 7949 7413 6168
104 9244 9848 5848
105 238
106 6101 3023 6467 1348 5
107 205
108 321 1339
111 5445 5483
112 79 8431
113 3012
114 2 1998
119 1689
121 7949 1429 2650
124 7660
125 6584 6518
127 9819
128 2 9654
129 7240 7133 3006 1755
130 8520
131 3894 7880 3441
134 352
135 9533 2 6537 2114 847 5412 702
138 8412
139 2670
140 6327
141 8387 2212
144 7684
146 6613
148 2 9842 9139
149 9533 208 2704 286
150 7762 4199
151 183
152 5677 7902 436
155 2288 1134
156 843 4317 2880
157 79
158 3936 3012 321 4352 7997 550 2208
160 3784 7314
161 9244 6672 3533 5992 9065 323
162 3877 1348
163 2240 5715 5715 7736 7296 2480 3723
165 3199
166 1343
167 3982
168 4143 1561
170 8134
171 7153 221 3731
172 9075 3665
173 3012 4923
174 3525 5381
175 3371
176 9842
177 7820 5294 1279
178 5412 79 1752 8224
179 3521
180 3032 668
182 3012 5715 8324
184 1668 5507 935 8910 2516
185 5193 1774 3801
186 4340 2322
187 7296
188 1752 4824 1260
192 7762 3106
193 935 6054 5099 5437 2346 8450 2683 8031
196 321
197 2537 4071 3102 7973
200 4901 9615
201 9007 6778
203 2619
204 9842 8387 7949
206 3043 2817
207 4282
209 259 502
211 6938 1625 8886
212 5340
216 8005 4728 148 2932
218 79
219 5437 9290
220 4326
221 4985 1145 4071
222 876
224 79 6021 1560
226 4020 3074 9842 2139 5504
227 2240 8994 6178
229 6938
230 9545 9842 4647
231 447 5456
232 4249 5500
233 2288 5412 5869 2155 1117 8439 3007 3271
234 1343 8439 2025
238 1668
239 8280
241 79 5340 4400
243 5340
244 6225 5274
247 2962
250 2608
252 2643 5902 4349 5763
255 3356
257 8331
263 1226
264 5715 2986 71
267 2962
269 2164
272 4199 5122
273 1228
274 3936 9842 6988
276 5340
277 8994 1534
279 79 4400 842 1683
280 2288 420 105 5548
281 9244 1405 8214
282 6945 8484
283 2116
284 3784
285 7762 8121 2114 7880
286 2679
287 4326
288 5885
289 79
291 5062 207
293 8477
294 2155
295 7709 1736 951 3121 6013
296 9968 3726 84
297 2666
298 9007 5773 5543 9678 4852 502
300 8994 8234 9353
301 935 2986 6153 6161 9353
302 1534 7219
303 7413 7880 8406 6487 5572 5674 9395
304 2892 9013 8836 5444
306 5062
308 7012
316 8345 9719 2294 7238
317 1986 8118
318 9463
319 79 5762 6537 2058 7659
320 2962 447 6613 6855 9292
321 2962 7652 7438
322 447 9075 4958 5219 4532 520 9115
323 5437 4985 7575 7987 4270
325 8462
327 2058
328 7219
329 2962 9579
332 9008
336 2264 2260
338 2962 2327 7575 4787 6635
339 8125
340 2288 7861
342 3936
343 1774 7240 4314 8168
344 6613 5762 1439
347 1984 3051 71 5425
348 6938 7653 728
350 7652 4824 2155 8723 8210
351 321 3032 1121 5045
352 5715 2643 9623 6842 2768
353 321 5219 2114
356 625
359 937
361 1145 2003
362 5007
363 2600 4988
365 8716 8130 202
367 9931
370 6547 4660 3123
371 2943 6842 5601
373 79 6537 3074
374 6134
375 8994 1774 5219 550
376 1979 7575 1216
378 9669
380 5715 3894
381 5715 1534 254 2817
382 2962
383 935 8005 7987 3504 8854 3018
384 7429 935 9172 489 6702
385 2962 9842 7762 238 3304 6889 2318 2737 162
386 9968 5715 6030 7 4035 5397 640 1852 8029
387 9007 3877 7949 3111 7429 6161 3728 3276
388 3936 7153 1149 1137 3438
390 9007 4442 7146 5941
391 5175 4717 7278 2707
393 2 6635 4529 5348 1747
394 8716
395 321 3830 8716 1117 5251 7026 6453
397 2288 4871
398 9533 7219 6748 3468 3283
400 2288
401 5507 3758 3074 1984
402 9842 8293 2699 5572 921 411 8361 1042
403 3752
404 8134 2168 152
405 6537 4664
406 321 7413 4314 5821 1868 3441
408 9013
410 7120 9129
413 2962 321 9007 7120 5437 8470 2790 8685 2527
414 2 9958
415 5194
416 2962 7179 5543
417 5762 8920 860 1923
418 7302 6240 3261
419 5962
420 3032
422 2240 3103 952 921 111
423 9301 2896
424 2240 2240
425 321 8386
426 321 3363 9384 9277
427 7153
428 7652 3663
429 7652 6613 5880 2136 8069 6413 3987
430 2986 2 3023 625
432 208 3090 5119
433 2962 6920 5053 7861 6014 8269 2041 1555
434 9244 8272
437 932 4589
439 7438 3023 3989
440 8533
441 2962 9842 3728
442 4341
443 541 110 1150 2842 1162 3804
444 2240 5715 8644
446 2555 5500
449 199
450 3982 1383 8345
451 427 6584 5748 4531 2483
452 2555 7456 7233
453 3691
455 6100
456 2962 2305
457 4958
458 8470 4489
459 4824 935 9903 4282
460 79
463 321 9848 925 9407
465 8125 6666 1266
466 6928 6232
467 2121 108 8345
469 5224
470 2155 3703
471 2288 4045 6795 2893
472 7762 6712 7952
473 2327 8293 5543 1781
474 4985 5156 6583
475 3074 3783 5401
476 183
477 9007 2121 7997 6030 2114 3161
478 5715 5748 9032 2121 8760
479 9533 4907 6408
480 3836 6547 5818
481 8108
482 1668 5821
483 79
484 2555 6584 555
485 2288 7949 8528
486 3894
488 2121 7791 9933
489 1429 7055 1610
492 1524 6258 3602 2552 296
493 427 6613 9533 321 6538 3012 2571 7103 9064
494 9299 8722
496 321 7369 4931
498 9243
