100
0 1137 309 720 1422 4313 1558 2498 1725 4048 4548 451 2556 464 91 9455 279 1473 2526 6045 2107 756 5469 5046 677 505 397 6970 122 1405 7013 316 2428 965 3160 5448 9299 7712
1 237 568 281 3394 600 425 347 4040 251 633 6890 5302 186 159 231 533 1185 2773 61 85 339 171 615 110 234 463 2908 123
2 868 27 1706 179 214 94 362 804 5421 62 635 33 346 32 536 1072 24 17 14 0 3661 2247 1262 16 132 168 221 940 1 3 1971 65 2264 485 797
3 447 3097 73 759 2067 8948 768 2191 7977 4809 71 3843 125 253 1362 6329 6284 1147 271 1991 809 225 3659 97 8295 4032 415 173 2352 2696 4361 459 21 346 252
4 558 5161 3769 1336 3362 3893 2894 212 4238 2431 993 133 2132 6671 5564 3692 70 222 670 497 432 2392 2445 47 117 657 1431 7269 2437 7275 60 790 511 3033
5 149 611 2255 3900 696 285 3597 25 500 1051 5197 986 798 1541 716 175 314 686 4908 240 2627 5233 510 60 6037 93 20 1023 36 96 154 6555 329 8149 1173 193
6 799 50 137 40 122 6682 876 30 172 441 391 1600 401 108 585 13 498 12 38 859 378 75 2219 773 170 1476 31 1288 112 17 58 176 1334
7 102 47 1010 21 756 418 885 462 4848 2083 610 611 229 2207 4708 198 12 9471 1959 4752 888 40 288 158 5429 130 1985 303 187 58 1116 3203 2493 1579 63 195 1315 355
8 6939 1463 8076 1588 569 1089 430 438 537 1590 2308 2379 1287 7199 3055 178 52 2410 2148 87 9262 650 4152 135 901 984 300 484 4004 5310 594 1225 452 106 37 596 2700 485
9 1393 2652 5641 2035 2667 163 2397 4240 468 2024 409 56 5605 258 20 1456 403 1158 142 158 2013 352 912 2925 2726 58 340 417 8308 1449 626 9723 179 2170 5225 7147 4390 1881 6729
10 1707 739 5463 2871 7400 638 134 455 1424 2804 318 2628 1258 47 802 160 4872 1584 6249 513 196 1158 1282 208 3143 71 3450 1969 788 34 349 356 4432 468
11 7559 371 2261 136 762 54 111 41 5376 48 452 1483 1166 117 477 72 372 142 248 125 1155 585 3828 116 93 254 265 38 653 1442 5759 55 415 103 91 236 15
12 803 1298 7084 322 701 731 223 1613 423 878 175 163 1401 154 26 632 275 245 910 251 1038 99 390 3813 1082 1084 169 421 8 42 287 200 280 35 595 9
13 2464 1642 572 2664 2568 1345 186 3525 457 1677 8250 7162 83 793 8116 2768 38 3257 514 1087 1438 200 4482 6644 3041 4051 9309 1541 8802 1801 976 7531 7658 27 3031
14 3070 185 5850 2205 7155 362 89 450 1097 196 1185 916 7676 3088 2 68 45 3417 4244 3950 1908 143 8055 933 38 2001 186 5069 1811 56 3591 9894
15 182 120 1027 113 8614 601 9021 42 265 92 2745 982 54 219 9957 766 309 43 280 450 854 1037 561 2 202 68 1401 16 2960 415 5186 147 3082 513 1766 8 164 4090 3389 4023
16 2247 1278 659 1590 1748 167 1015 170 4362 3632 2107 51 191 215 722 2746 6031 380 9843 1475 2268 586 2983 2751 98 4416 8275
17 9306 731 3274 4343 1835 418 759 3220 4607 5893 5278 4278 547 1433 1030 2033 2072 665 3021 1574 454 6302 5218 2232 1323 5865 3735 1710 864 9660 879
18 204 879 267 129 4160 8444 678 1849 4388 393 79 6756 62 836 118 2753 50 2138 600 257 615 4302 790 273 192 452 1395 450 3814 202 613 2523 1292 1546 2222 355
19 871 3797 2532 8567 6684 704 7893 3861 1873 3142 8066 775 2403 231 633 1666 9718 2266 5182 6930 2380 972 2193 1145 153 1612 5693 481 2214 220 1788 1284 1483
20 5154 1514 3052 5330 1638 5526 4225 2979 748 4662 491 1094 8386 4984 7606 8724 1698 33 8038 4688 80 75 119 1726 1133 6013 26 9561 1168 3172 3497
21 749 1859 3158 207 74 845 705 386 99 1271 1350 1402 463 134 124 1371 1152 322 606 597 389 71 598 6703 461 1828 398 1948 469 47 325 103 249 184 4994
22 207 1335 843 133 224 512 307 893 111 293 352 8677 9425 114 4117 6747 161 220 253 687 822 1423 787 317 769 528 7669 72 264 342 347 964 389 3379 1770 268 9517
23 56 4620 3209 8688 1071 3066 4350 172 1086 2202 1412 122 479 2479 7316 2396 2142 226 345 46 866 230 3324 3700 419 52 2579 55 70 204 3839 725
24 269 188 3301 414 644 769 605 1500 1800 2168 104 128 3210 680 7373 1286 3433 6408 2187 3566 1427 5167 7086 80 746 1152 134 1386 271 7150 542 8969 185 8146
25 2546 2587 425 2188 533 4724 2321 3717 8130 161 147 494 9274 2494 2420 241 141 1645 3748 5511 2582 64 446 8360 99 1729 2768 8243 1722 4221 918 4055 9288 919 4931 850
26 4051 9798 913 2195 1397 187 1411 488 313 183 5005 1323 3406 446 1623 328 25 1388 3230 6074 1333 5041 580 406 336 526 161 299 2052 27 1850
27 322 8438 1117 320 151 164 411 626 837 40 4854 47 122 172 2514 376 590 646 299 739 5893 575 1522 920 165 1301 379 721 70 368 6558 8761 1954
28 1917 478 258 294 1150 1142 914 1788 3827 1544 791 836 2576 471 77 234 148 975 272 621 980 217 492 6424 3 5207 2356 2551 23 1001 4364 5051
29 569 156 223 793 1697 329 496 3842 330 1000 360 331 3148 118 337 254 650 880 526 349 760 1099 274 423 9763 292 2643 490 107 71 393 179 7306 1607 2212 290 442
30 1610 256 1026 1906 537 4801 1933 687 1717 2385 253 625 274 433 402 688 6027 1435 4597 15 1825 142 55 64 2427 532 5914 1132 9068 27 109 150 110 4930 14 1036 273 6092 1656
31 1783 2002 1065 102 590 8124 273 5452 302 582 1106 549 1882 105 1990 5626 313 14 58 263 1140 1509 399 694 56 692 5803 1456 493 141 96 697 2078 6894 1549 27 709
32 2557 220 830 2010 6779 307 2414 3590 882 743 2288 34 5414 2882 463 1125 420 4271 318 6614 52 8162 135 43 7 2841 3489 5921 6049
33 1114 503 3119 73 2133 1011 1018 298 724 74 8488 492 990 2444 599 419 3563 961 904 2552 1900 6580 284 299 2564 531 9896 1682 3012 980 5294 978 780 680 20 222 2003 2521
34 1665 926 892 1106 1007 3764 1700 58 2619 3911 7279 4133 9952 4685 4417 2399 680 8076 2444 3125 4761 175 594 7761 6354 305 1647 268 4619 464 514 2126 391 6612 1575
35 738 9391 4207 1074 2516 454 7970 413 431 2464 165 71 4472 108 3923 246 212 17 1504 42 61 313 617 829 3388 1653 8973 1352 1378 5552 5895 914
36 434 1936 733 1897 1797 6210 618 125 1481 998 5001 5180 9147 1986 81 266 1072 4282 2271 1238 6821 246 6137 1052 4070 250 2930 3996 1180 501 624
37 1269 1233 2564 1358 371 30 2147 838 1996 166 712 587 681 258 444 1214 198 2787 1089 2542 5084 989 4659 6662 6523 6130 154 3243 2117 114 54 1414 4695 5490
38 2463 3313 8131 5165 8801 2220 1178 5419 853 907 6412 1939 161 2222 3330 648 698 6990 2518 730 1192 4535 299 2992 6037 7852 1266 813 6466
39 2688 1010 3272 872 3929 2811 439 2990 1251 7182 207 4263 2128 979 579 7747 4274 4629 3283 796 6234 1481 3983 9076 74 533 3127 337 5634 335 5381
40 3098 777 317 538 210 292 265 2566 151 248 405 755 328 173 183 5672 161 231 5668 7481 97 6514 273 2143 4495 1493 230 143 428 3345 1184 7895
41 1148 2415 2545 1723 2344 3135 942 643 476 516 3884 3790 2059 2147 3784 4942 7591 1361 5737 9566 165 283 2759 4858 321 1824 389 665 208 52 4859 650 121 4099
42 935 1729 1789 315 1449 6362 2862 708 8364 1522 2931 6183 284 814 908 3866 57 669 928 3617 1123 7515 994 1713 432 1778 588 489 7347 104 249 368 3234 38 9338 548 1184 4408 5973
43 1988 7112 6126 1876 213 1993 6949 1758 215 1503 890 2611 13 7243 1037 210 2152 82 4448 946 2904 5205 380 5760 6423 1991 402 4538 7589 2029 52
44 1246 6919 2196 2563 1070 1379 4089 4360 5524 135 587 51 2625 4589 2293 1002 3246 272 1142 536 220 1401 1953 94 1386 369 1561 1886 8480 95 4229 7278 65 156 650 5634
45 243 7971 1360 162 857 1509 31 458 309 368 114 12 502 26 315 4277 4625 2399 412 22 30 2165 29 2136 181 194 79 397 2 1436 1 554 8 138 120 2818
46 1298 1692 2729 3023 651 112 183 1902 5720 1063 133 425 88 7567 329 181 1356 901 4824 773 59 6884 9132 4602 3370 1108 25 7394
47 1680 1899 2413 129 1582 160 5388 225 429 1618 1967 5 43 517 85 383 4336 111 1521 239 3919 1322 1307 433 685 0 174 65
48 8616 4672 7050 2501 936 4097 745 8355 164 1104 4497 9433 1023 1810 4799 3825 3019 79 4476 2345 4448 1394 1729 366 982 285 1384 8334 2178 1554 317 300 8809 1191 665 990 2955 1312 1256 6337
49 763 4164 5221 7718 675 4331 1325 4435 502 1107 519 3332 3236 4622 350 1959 94 4710 3560 114 137 970 498 839 1842 996 63 229 186 1440 9392 6838 1065 7709 3490 339 8450 1671
50 788 817 2941 2292 412 4242 1091 1391 8044 4995 233 1921 2070 34 2469 1446 445 2430 2513 827 246 7132 2184 1343 125 919 647 3028 443 1598 77 491 41 5 155 4096 62 859 4178
51 2769 2500 1957 122 9074 182 1363 611 6750 1342 4076 1349 6877 1492 910 8033 2041 6574 5615 4583 5977 3259 1305 8233 288 5169 2202 2194 9625 1410 1536 5031 4130 2949 3958 769 117 4994 4081
52 1153 2928 1417 1576 4025 1601 9912 6171 1179 3615 2027 2190 1395 2164 2309 509 693 102 424 1714 9832 6744 7307 8273 1702 239 1028 418 4844 4096 980 428 1904 1504 4611 216
53 1894 8660 1704 110 3528 216 74 1866 3548 7791 2592 2094 5882 1443 1021 679 6094 1974 2218 4838 846 70 3390 8629 4630 3715 6035 1035 2473 246 3500 332 4716 1434 3358 1077 176
54 826 243 451 6043 1489 4552 830 954 3380 62 2291 8240 772 438 44 15 1442 4914 288 125 379 3013 1 200 2684 4632 83 78 1039 134 36 480 2251 655
55 80 337 414 370 115 1567 1270 2337 402 183 94 225 348 322 117 3256 7064 161 539 33 1459 579 622 1246 1865 3388 218 9 208 662 747
56 948 2451 4452 9742 2009 481 6348 2044 177 4612 2349 7395 7168 1690 6854 370 181 9642 966 8132 90 196 289 3756 153 283 4571 151 573 7105 78 5276 184 211
57 1424 110 721 1699 8586 268 2062 5797 484 197 7473 218 2683 126 404 196 1511 20 402 1755 2458 375 1165 26 738 5724 2134 5431 1461 6979 740 4618 6677 3975 3831
58 460 7170 4539 2115 1715 528 909 1612 4665 2339 1025 1587 550 1338 434 806 171 429 335 720 2300 4596 6463 9175 1378 7922 880 6571 264 8823 479 704 18 9382 609
59 3843 9137 5459 2948 9005 2783 167 3908 6036 3952 305 2980 5333 3226 4936 7805 1579 6676 1119 3962 8601 1187 225 6799 2758 881 979 678 1480 1066 5643 2692 977
60 1909 758 123 951 106 311 122 1280 1756 1927 2312 52 164 1607 43 232 433 190 8743 53 1743 297 269 2573 235 363 257 277 130 107 5985
61 444 795 916 2769 2976 566 215 408 2373 213 815 1460 226 266 422 369 468 5180 56 349 978 351 7672 3935 4525 31 89 105 456 507 564 3215 1294 404
62 6044 1503 528 3841 2951 117 3907 111 2521 1373 2474 2575 719 8002 2203 5979 7195 1738 1383 3604 1012 5609 1033 3428 6847 9676 5432 7624 2616 583
63 971 976 1054 4540 3249 2158 3349 182 4259 143 475 5 2683 3100 248 1779 287 1218 5489 116 1675 8395 7328 7820 7627 89 65 4187 1223 6481 4364
64 6820 3032 379 623 778 505 296 8713 1167 805 191 2298 84 5859 1005 542 1296 100 399 137 66 1351 3777 622 168 4889 1044 122 2180 1420 71 206 1966 14 435 9305 5091 158 6290 9584
65 9693 1491 335 835 890 2436 1635 2460 3946 5412 386 8428 6629 3420 1074 319 429 259 1515 1694 3541 6581 4791 5774 6147 3646 132 103 2889 6691 482
66 7325 2055 6980 947 1413 4001 2491 607 136 1250 6480 6952 4162 6656 1686 414 1424 1407 1452 53 6684 242 1370 7918 3142 343 1496 7810 275 1156 524 1042 2509
67 908 1264 152 1387 71 7687 400 2670 3350 1377 5196 2022 8819 8518 155 3227 2959 3266 258 941 323 78 57 519 343 767 77 6913 217 1956 652 194 6205 574
68 5667 314 517 384 6661 9122 424 461 357 2262 2720 4724 134 1320 264 1428 8241 592 324 279 112 62 5212 3571 342 5999 4798 755 1407 10 689 2112 1122 3158 2487 6698
69 1988 516 5650 3242 559 7075 8338 8738 756 572 141 9565 361 2784 1685 89 6767 3612 33 185 2085 187 4964 260 824 1332 7286 6992 3201 112 7214 1497
70 577 629 9479 253 378 176 840 5539 298 666 2973 1113 410 1295 1486 1203 526 9269 81 887 545 205 6862 25 984 1351 3414 2121 2836 231 42 40 2439 193
71 903 541 546 8917 581 4952 2591 723 9357 2099 1721 1867 9574 945 3424 5195 1239 2360 881 3003 906 534 729 2805 1062 2477 771 5513 446 7764 4131 7776
72 1190 2859 2433 798 3038 785 428 5689 5215 1056 1566 1721 7797 551 3164 1019 472 3016 1408 8512 2135 7712 243 377 1353 174 356 1852 664 3395 8735 261 2507 1889 1598 948 1384
73 1756 5050 3403 1307 2869 840 1251 2741 1953 184 1039 1442 6504 1611 6589 1562 137 9528 103 2201 597 6057 5209 3291 2909 2724 397 7702 916 543 4680 250 2337 5479 4526
74 5417 3292 3759 7417 8427 3502 2156 1210 1979 4325 199 3178 6696 3536 9360 2522 1332 8365 9295 1304 3149 431 3660 2078 2014 242 1596 9246 4797 9543 468 2526 2848
75 587 165 1337 392 1841 174 257 562 454 147 2897 304 356 210 235 159 445 209 24 100 98 41 1 10 351 4549 384 614 102 6165
76 6288 3852 600 3408 2844 556 7102 3979 1342 8056 867 714 3279 203 869 577 71 3325 185 563 8766 157 2715 188 1538 1359 133 508 6939 3308 6063 8965 3182 1429 3849 3992
77 1593 7342 1703 2784 3045 5797 419 1228 2378 237 2348 140 124 4959 59 30 43 1221 28 170 1130 1389 8025 7 1577 433 1992 2843 188 51 3160 426 179
78 352 467 987 2282 5625 854 600 292 1913 261 245 411 5558 587 654 883 119 5120 2512 5902 5604 1318 45 471 851 6544 9098 1502
79 819 997 260 256 4122 706 837 476 782 291 538 119 953 238 5241 25 220 259 1576 500 485 5222 1235 553 473 603 3983 524 87 7367 999 13 4023
80 3708 6334 6964 400 641 1815 6352 1572 971 9461 287 3166 553 2842 496 688 239 4726 3958 1195 3418 2812 3017 619 1034 782 1846 112 9739 2961 2903 1044 2634 316 977
81 259 757 1053 2496 311 165 209 735 2968 167 239 858 345 994 1741 1064 128 829 268 10 576 3631 332 978 1135 235 300 375 147 681 166
82 247 1983 565 2282 1606 360 841 2967 1759 822 67 3449 1227 230 1300 338 677 508 146 394 460 152 496 512 987 3144 2739 126 395 145 1649 494 121 4478 6082
83 1595 862 407 105 3175 7315 1843 540 3056 779 106 334 5140 9493 2795 3293 2098 669 50 1857 589 3730 514 7122 342 1656 1881
84 3140 1939 1829 776 440 5063 136 851 204 363 1147 117 1275 24 86 102 289 3281 8969 111 123 3 1085 451 956 1845 463 487 2612 32 15 395 589 50 3222 1256 164 356 1737
85 1398 548 514 187 9442 510 676 1892 576 6030 1312 226 2792 216 362 422 5975 970 1410 3180 3224 1135 429 615 2052 38 636 2730 3559 3792 4545 152 822 249 3410 4609
86 682 178 271 8579 27 4048 2019 786 1468 2221 1017 3894 1861 7 1465 71 156 1201 1318 2210 2987 3761 1340 7371 3 211 72 245 436 9041 47 14 3483
87 177 2071 7301 1579 949 1265 217 2998 130 419 9204 6407 1370 3053 5920 709 4460 179 518 150 717 70 169 4738 20 2334 364 1041 9328 2978 69
88 5778 2552 928 9203 5326 2475 6831 3879 1571 5546 3400 3704 2423 1080 9358 1275 3753 3044 714 957 1715 672 4928 4500 9208 3488 1532 660 3915 611 559 1127 6025 766 5361 51 80 7777 8381 869 4171
89 1172 4971 1975 5350 847 943 3969 636 4793 2527 1134 1601 2182 733 1255 508 545 1595 3526 3023 1896 2005 272 799 1459 4618 218 4840 498 1829 2377 726 277 2886 1495 9514
90 449 1260 638 425 331 3814 1752 646 218 111 7707 3935 686 2718 1189 184 1110 3457 110 716 691 419 1363 2209 140 55 27 540 1282 452 6160 20 14 25 7085 344 817 210 655 2371 1052
91 5613 7135 854 1567 4575 2972 3208 1474 732 9561 6176 6417 654 892 7600 667 5275 306 8334 8122 7607 6005 1804 576 8185 8585 1778 4581
92 190 8516 4366 774 7924 293 752 1862 551 57 507 1123 1714 715 9607 4264 796 255 142 8444 106 25 45 6166 4221 216 659 15 3676 132 2738 3 152 9138 6459
93 1421 3535 549 502 107 882 2285 50 1 369 555 312 152 87 39 233 237 3 8465 3586 361 49 3540 2011 616 17 422 244 673 32
94 820 1267 7040 8103 1341 557 83 1000 1031 7062 3458 2360 764 1096 6785 932 8766 2254 645 2601 842 808 321 2329 782 667 338 2965 544 2819 7590 4281 4850 727 5483 861 1750 1506 655
95 5390 813 1863 200 5442 79 120 1017 38 68 742 116 1362 229 6951 271 5744 4062 2102 5062 28 37 86 5392 395 3359 21 195 177 1526 59 344 129 1628 8728 3976 1183
96 2235 1361 229 2240 131 715 1389 249 318 609 154 737 493 548 780 4088 3875 504 381 534 106 149 163 150 20 753 765 713 34 227 218 177 21
97 363 1478 868 603 430 700 168 7683 1807 1095 2092 4947 586 1395 539 543 334 510 1492 277 734 90 373 1938 1591 1114 770 79 1621 695 411 129
98 5748 6546 915 1487 6201 1161 6400 4245 641 9567 2665 804 434 1006 5084 478 1450 951 1719 3065 5130 2246 341 1636 9874 198 1389 1740 1545 718 7753 499 2008 2039 3097
99 15 565 168 568 190 1889 2476 7234 5863 119 503 2478 4552 113 953 1245 173 1648 5160 153 1902 62 5769 412 3878 818 3109 326 3304 4494 199 3110 1334 138
